<?xml version="1.0" encoding="UTF-8"?>
<!-- Generated by org.testng.reporters.JUnitReportReporter -->
<testsuite hostname="DESKTOP-JJT6B64" failures="0" tests="2" name="ParallelTest.ParallelTest1" time="29.425" errors="0" timestamp="2021-02-10T23:01:18 CST" skipped="0">
  <testcase classname="ParallelTest.ParallelTest1" name="homePageTitle" time="18.262"/>
  <system-out/>
  <testcase classname="ParallelTest.ParallelTest1" name="logoTest" time="11.163"/>
  <system-out/>
</testsuite> <!-- ParallelTest.ParallelTest1 -->
