<?xml version="1.0" encoding="UTF-8"?>
<!-- Generated by org.testng.reporters.JUnitReportReporter -->
<testsuite hostname="DESKTOP-JJT6B64" failures="0" tests="1" name="ParallelTest.ParallelTest2" time="29.474" errors="0" timestamp="2021-02-10T23:01:19 CST" skipped="0">
  <testcase classname="ParallelTest.ParallelTest2" name="loginTest" time="29.474"/>
  <system-out/>
</testsuite> <!-- ParallelTest.ParallelTest2 -->
