<?xml version="1.0" encoding="UTF-8"?>
<!-- Generated by org.testng.reporters.JUnitReportReporter -->
<testsuite hostname="DESKTOP-JJT6B64" failures="0" tests="4" name="ParallelTest.ParallelTest1" time="56.708" errors="0" timestamp="2021-02-11T05:10:04 CST" skipped="0">
  <testcase classname="ParallelTest.ParallelTest1" name="logoTest" time="11.800"/>
  <system-out/>
  <testcase classname="ParallelTest.ParallelTest1" name="homePageTitle" time="20.439"/>
  <system-out/>
  <testcase classname="ParallelTest.ParallelTest1" name="homePageTitle" time="12.212"/>
  <system-out/>
  <testcase classname="ParallelTest.ParallelTest1" name="logoTest" time="12.257"/>
  <system-out/>
</testsuite> <!-- ParallelTest.ParallelTest1 -->
