<?xml version="1.0" encoding="UTF-8"?>
<!-- Generated by org.testng.reporters.JUnitReportReporter -->
<testsuite hostname="DESKTOP-JJT6B64" failures="0" tests="2" name="ParallelTest.ParallelTest2" time="50.506" errors="0" timestamp="2021-02-11T05:10:04 CST" skipped="0">
  <testcase classname="ParallelTest.ParallelTest2" name="loginTest" time="29.474"/>
  <system-out/>
  <testcase classname="ParallelTest.ParallelTest2" name="loginTest" time="21.032"/>
  <system-out/>
</testsuite> <!-- ParallelTest.ParallelTest2 -->
